{
  "RSpec": {
    "coverage": {
      "/home/rubydev/vr/eng_basics/fibs/app/helpers/application_helper.rb": [
        1,
        null
      ],
      "/home/rubydev/vr/eng_basics/fibs/app/helpers/fibs_helper.rb": [
        1,
        null
      ],
      "/home/rubydev/vr/eng_basics/fibs/app/models/fib.rb": [
        1,
        1,
        null,
        1,
        1,
        null,
        1,
        1,
        1,
        null,
        1,
        11,
        11,
        11,
        11,
        121,
        110,
        110,
        null,
        11,
        11,
        null,
        null,
        1,
        66,
        6,
        null,
        null,
        1,
        1,
        null,
        null,
        1,
        1,
        null,
        null
      ],
      "/home/rubydev/vr/eng_basics/fibs/app/controllers/application_controller.rb": [
        0,
        0,
        0,
        0,
        0
      ],
      "/home/rubydev/vr/eng_basics/fibs/app/controllers/fibs_controller.rb": [
        0,
        0,
        0,
        0,
        0,
        0,
        0,
        0,
        0,
        0,
        0,
        0,
        0,
        0,
        0,
        0,
        0,
        0,
        0,
        0,
        0,
        0,
        0,
        0,
        0,
        0,
        0,
        0,
        0,
        0,
        0,
        0,
        0,
        0,
        0,
        0,
        0,
        0,
        0,
        0,
        0,
        0,
        0,
        0,
        0,
        0,
        0,
        0,
        0,
        0,
        0,
        0,
        0,
        0,
        0,
        0,
        0,
        0,
        0,
        0,
        0,
        0,
        0,
        0,
        0,
        0,
        0,
        0,
        0,
        0,
        0,
        0
      ]
    },
    "timestamp": 1522937188
  }
}
